\BOOKMARK [0][-]{chapter.1}{Aufgabe: Command Injection}{}% 1
\BOOKMARK [1][-]{section.1.1}{Ziel}{chapter.1}% 2
\BOOKMARK [1][-]{section.1.2}{Beschreibung}{chapter.1}% 3
\BOOKMARK [1][-]{section.1.3}{Hilfestellungen}{chapter.1}% 4
\BOOKMARK [1][-]{section.1.4}{Ergebnis}{chapter.1}% 5
\BOOKMARK [0][-]{chapter.2}{Aufgabe: TITEL}{}% 6
\BOOKMARK [1][-]{section.2.1}{Ziel}{chapter.2}% 7
\BOOKMARK [1][-]{section.2.2}{Beschreibung}{chapter.2}% 8
\BOOKMARK [1][-]{section.2.3}{Hilfestellungen}{chapter.2}% 9
\BOOKMARK [1][-]{section.2.4}{Ergebnis}{chapter.2}% 10
\BOOKMARK [0][-]{chapter.3}{Aufgabe: TITEL}{}% 11
\BOOKMARK [1][-]{section.3.1}{Ziel}{chapter.3}% 12
\BOOKMARK [1][-]{section.3.2}{Beschreibung}{chapter.3}% 13
\BOOKMARK [1][-]{section.3.3}{Hilfestellungen}{chapter.3}% 14
\BOOKMARK [1][-]{section.3.4}{Ergebnis}{chapter.3}% 15
\BOOKMARK [0][-]{chapter.4}{Aufgabe: TITEL}{}% 16
\BOOKMARK [1][-]{section.4.1}{Ziel}{chapter.4}% 17
\BOOKMARK [1][-]{section.4.2}{Beschreibung}{chapter.4}% 18
\BOOKMARK [1][-]{section.4.3}{Hilfestellungen}{chapter.4}% 19
\BOOKMARK [1][-]{section.4.4}{Ergebnis}{chapter.4}% 20
\BOOKMARK [0][-]{chapter.5}{Aufgabe: TITEL}{}% 21
\BOOKMARK [1][-]{section.5.1}{Ziel}{chapter.5}% 22
\BOOKMARK [1][-]{section.5.2}{Beschreibung}{chapter.5}% 23
\BOOKMARK [1][-]{section.5.3}{Hilfestellungen}{chapter.5}% 24
\BOOKMARK [1][-]{section.5.4}{Ergebnis}{chapter.5}% 25
\BOOKMARK [0][-]{chapter.6}{Aufgabe: TITEL}{}% 26
\BOOKMARK [1][-]{section.6.1}{Ziel}{chapter.6}% 27
\BOOKMARK [1][-]{section.6.2}{Beschreibung}{chapter.6}% 28
\BOOKMARK [1][-]{section.6.3}{Hilfestellungen}{chapter.6}% 29
\BOOKMARK [1][-]{section.6.4}{Ergebnis}{chapter.6}% 30
